0 info it worked if it ends with ok
1 verbose cli [ '/usr/local/bin/node', '/usr/local/bin/npm', 'start' ]
2 info using npm@3.10.9
3 info using node@v7.2.0
4 verbose run-script [ 'prestart', 'start', 'poststart' ]
5 info lifecycle liferay-e2e@1.0.1~prestart: liferay-e2e@1.0.1
6 silly lifecycle liferay-e2e@1.0.1~prestart: no script for prestart, continuing
7 info lifecycle liferay-e2e@1.0.1~start: liferay-e2e@1.0.1
8 verbose lifecycle liferay-e2e@1.0.1~start: unsafe-perm in lifecycle true
9 verbose lifecycle liferay-e2e@1.0.1~start: PATH: /usr/local/lib/node_modules/npm/bin/node-gyp-bin:/Users/phillipchan/Work/liferay-e2e/node_modules/.bin:/usr/local/bin:/Library/Frameworks/Python.framework/Versions/3.6/bin:/usr/local/bin:/usr/bin:/bin:/usr/sbin:/sbin
10 verbose lifecycle liferay-e2e@1.0.1~start: CWD: /Users/phillipchan/Work/liferay-e2e
11 silly lifecycle liferay-e2e@1.0.1~start: Args: [ '-c', 'npx cypress run' ]
12 silly lifecycle liferay-e2e@1.0.1~start: Returned: code: 1  signal: null
13 info lifecycle liferay-e2e@1.0.1~start: Failed to exec start script
14 verbose stack Error: liferay-e2e@1.0.1 start: `npx cypress run`
14 verbose stack Exit status 1
14 verbose stack     at EventEmitter.<anonymous> (/usr/local/lib/node_modules/npm/lib/utils/lifecycle.js:255:16)
14 verbose stack     at emitTwo (events.js:106:13)
14 verbose stack     at EventEmitter.emit (events.js:191:7)
14 verbose stack     at ChildProcess.<anonymous> (/usr/local/lib/node_modules/npm/lib/utils/spawn.js:40:14)
14 verbose stack     at emitTwo (events.js:106:13)
14 verbose stack     at ChildProcess.emit (events.js:191:7)
14 verbose stack     at maybeClose (internal/child_process.js:885:16)
14 verbose stack     at Process.ChildProcess._handle.onexit (internal/child_process.js:226:5)
15 verbose pkgid liferay-e2e@1.0.1
16 verbose cwd /Users/phillipchan/Work/liferay-e2e
17 error Darwin 17.2.0
18 error argv "/usr/local/bin/node" "/usr/local/bin/npm" "start"
19 error node v7.2.0
20 error npm  v3.10.9
21 error code ELIFECYCLE
22 error liferay-e2e@1.0.1 start: `npx cypress run`
22 error Exit status 1
23 error Failed at the liferay-e2e@1.0.1 start script 'npx cypress run'.
23 error Make sure you have the latest version of node.js and npm installed.
23 error If you do, this is most likely a problem with the liferay-e2e package,
23 error not with npm itself.
23 error Tell the author that this fails on your system:
23 error     npx cypress run
23 error You can get information on how to open an issue for this project with:
23 error     npm bugs liferay-e2e
23 error Or if that isn't available, you can get their info via:
23 error     npm owner ls liferay-e2e
23 error There is likely additional logging output above.
24 verbose exit [ 1, true ]
